{
  "RSpec": {
    "coverage": {
      "/home/andrii/Documents/My_Projects/test_project/managing_customers_books/app/models/customer.rb": {
        "lines": [
          null,
          null,
          1,
          1,
          null,
          1,
          null,
          null,
          1,
          null,
          1,
          1,
          null,
          1,
          12,
          null,
          null
        ]
      },
      "/home/andrii/Documents/My_Projects/test_project/managing_customers_books/app/models/application_record.rb": {
        "lines": [
          null,
          null,
          1,
          1,
          null
        ]
      },
      "/home/andrii/Documents/My_Projects/test_project/managing_customers_books/app/models/ability.rb": {
        "lines": [
          null,
          null,
          1,
          1,
          null,
          1,
          11,
          8,
          3,
          null,
          5,
          null,
          null,
          3,
          null,
          null,
          null,
          1,
          null,
          1,
          3,
          null,
          null,
          1,
          5,
          null,
          null,
          1,
          3,
          null,
          null
        ]
      },
      "/home/andrii/Documents/My_Projects/test_project/managing_customers_books/app/models/book.rb": {
        "lines": [
          null,
          null,
          1,
          1,
          null,
          1,
          null
        ]
      },
      "/home/andrii/Documents/My_Projects/test_project/managing_customers_books/app/controllers/current_customer_controller.rb": {
        "lines": [
          null,
          null,
          1,
          1,
          null,
          1,
          1,
          null,
          null
        ]
      },
      "/home/andrii/Documents/My_Projects/test_project/managing_customers_books/app/controllers/application_controller.rb": {
        "lines": [
          null,
          null,
          1,
          null
        ]
      },
      "/home/andrii/Documents/My_Projects/test_project/managing_customers_books/app/controllers/api/v1/books_controller.rb": {
        "lines": [
          null,
          null,
          1,
          1,
          1,
          1,
          null,
          1,
          2,
          null,
          2,
          1,
          null,
          1,
          null,
          null,
          null,
          1,
          1,
          1,
          null,
          null,
          1,
          null,
          1,
          4,
          null,
          null,
          null,
          null
        ]
      },
      "/home/andrii/Documents/My_Projects/test_project/managing_customers_books/app/controllers/api_controller.rb": {
        "lines": [
          null,
          null,
          1,
          1,
          null,
          1,
          5,
          null,
          null,
          1,
          0,
          null,
          null
        ]
      }
    },
    "timestamp": 1707057304
  }
}
